[584805][1743045063579][main][info]["Booting Postman 11.37.1, linux-6.13.7-arch1-1 on x64"]
[584805][1743045063583][main][info]["EventBus~initialize - Success"]
[584805][1743045063586][main][info]["Proxy configuration has not been setup"]
[584805][1743045063586][main][info]["CloudProxyManager~init - Success"]
[584805][1743045063641][main][info]["performShellDataMigration: Starting shell data migration"]
[584805][1743045063641][main][info]["migrateShellData:Starting"]
[584805][1743045063645][main][info]["migrateShellData: Old storage cleaned up"]
[584805][1743045063998][main][info]["migrateShellData: Got data from shell. Writing to storage"]
[584805][1743045064007][main][info]["performShellDataMigration: Migration successful on try count 1"]
[584805][1743045064019][main][info]["UpdateHandler~init - Success"]
[584805][1743045064022][main][info]["LeaderSelection: Initialized successfully"]
[584805][1743045064035][main][info]["GPU detected VID 4318 DID 9632 ACTIVE true"]
[584805][1743045064036][main][info]["GPU detected VID 32902 DID 18083 ACTIVE false"]
[584805][1743045064037][main][info]["shellController~init: Success"]
[584805][1743045064037][main][info]["shellMeta~init: Success"]
[584805][1743045064037][main][info]["partitionMigrationService: State of V7 partition:"]
[584805][1743045064038][main][info]["partitionMigrationService: V7 partitions",[]]
[584805][1743045064038][main][info]["partitionMigrationService~rectifyNamespaceOfScratchPadPartition: There is no partition with scratchpad namespace"]
[584805][1743045064038][main][info]["partitionMigrationService~rectifyNamespaceOfScratchPadPartition: There is no transit partition which could have been used for scratchpad"]
[584805][1743045064038][main][info]["partitionMigrationService~init: Success"]
[584805][1743045064038][main][info]["partitionMigrationService~runV8PartitionsIntegrity: Two way migration~ removing the following partitions from v8",[]]
[584805][1743045064039][main][info]["userPartitionService~_rectifyTheActivePartitionOfApplication: Setting the active partition to ",null]
[584805][1743045064051][main][info]["LinuxAutoUpdater~Cleanup - Initial cleanup successful"]
[584805][1743045064054][main][info]["newAccountRegionPreferenceService~getPreferenceWithFallback - Preference not found in storage."]
[584805][1743045064054][main][info]["newAccountRegionPreferenceService~getToggleMenuTemplate - Using preference:","useUSRegion"]
[584805][1743045064063][main][info]["userPartitionService~init: Success"]
[584805][1743045064082][main][info]["userPartitionService: State of v8 partition system:"]
[584805][1743045064082][main][info]["shell~init~getPartitionToLoad: loading scratchpad partition"]
[584805][1743045064083][main][info]["userPartitionService: List of partitions:",[]]
[584805][1743045064083][main][info]["userPartitionService: users global meta:",{}]
[584805][1743045064098][main][info]["Main:windowManager~newRequesterWindow: Fetch and update runtime config: undefined"]
[584805][1743045067238][main][info]["RuntimeIPCAgent~started: Success"]
[584805][1743045067251][main][info]["Main~scratchpadThemeAction:: action: set, value: dark"]
[584805][1743045067254][main][info]["Main~scratchpadThemeAction:: action: set, value: dark"]
[584805][1743045067266][main][info]["Main~scratchpadThemeAction:: action: set, value: dark"]
[584805][1743045067273][main][info]["UpdateHandler~app-update-events - Received event",{"name":"checkForElectronVersionUpdated","namespace":"appUpdate"}]
[584805][1743045067282][main][info]["windowManager: First requester booted successfully."]
[584805][1743045067282][main][info]["windowManager~restoreWindows: Restoring requester windows"]
[584805][1743045067283][main][info]["WebVersionService: Initialized successfully with version: undefined"]
[584805][1743045067283][main][info]["Main~AppEvents - Received booted event for process requester.Version undefined UI Version: undefined Desktop Platform Version: 11.37.1"]
[584805][1743045069294][main][info]["Main - model-events~user - (users, add) received"]
[584805][1743045069340][main][info]["WebVersionService: Resetting UI version as user logged out/switched account"]
[584805][1743045069340][main][info]["WebVersionService: Resetting web app version"]
[584805][1743045069656][main][info]["AuthHandler~open: Received dom-ready event."]
[584805][1743045069658][main][info]["AuthHandler~open: Received did-finish-load event."]
[584805][1743045069929][main][warn]["AuthHandler~open: Current app is not default protocol client - Falling back to polling mechanism."]
[584805][1743045069932][main][info]["newAccountRegionPreferenceService~getPreferenceWithFallback - Preference not found in storage."]
[584805][1743045069933][main][info]["newAccountRegionPreferenceService~getRegionPreference - Using preference:","useUSRegion"]
[584805][1743045069933][main][info]["AuthHandler~open: new Account region preference:","us"]
[584805][1743045069934][main][info]["AuthHandler~open: get multiLoginToken token."]
[584805][1743045069935][main][info]["AuthHandler~open: Publishing initialize event to auth-window channel."]
[584805][1743045087302][main][info]["Shell~init~loginUser: associating the user ","43049709"," with transit partition"]
[584805][1743045087303][main][info]["userPartitionService~getNewPartitionId: creating a partition with userId and teamId as 0"]
[584805][1743045087336][main][info]["userPartitionService~associateTransitPartition: ",{"partitionId":"119824ed-9bb7-4612-a726-81eb959e1d5a","context":{"namespace":"users","userId":"43049709","teamId":"0","region":"us"}}]
[584805][1743045087360][main][info]["userPartitionService: State of v8 partition system:"]
[584805][1743045087361][main][info]["userPartitionService: List of partitions:",[{"partitionId":"119824ed-9bb7-4612-a726-81eb959e1d5a","namespace":"users","userId":"43049709","teamId":"0","lastUpdated":"2025-03-27T03:11:27.336Z"},{"partitionId":"57a66377-0f71-4256-b0e5-f80eac373dda","namespace":"scratchPad","userId":0,"teamId":0,"isDirty":false}]]
[584805][1743045087362][main][info]["userPartitionService: users global meta:",{}]
[584805][1743045087370][main][info]["Main:windowManager~newRequesterWindow: Fetch and update runtime config: us"]
[584805][1743045087412][main][info]["getDesktopReleaseVersionAsQueryParams: webVersion: "]
[584805][1743045091562][main][info]["Main~getRemoteInitPath:: "]
[584805][1743045091676][main][info]["Main - model-events~user - (user, update) received"]
[584805][1743045091677][main][info]["Main~reload: https://desktop.postman.com/?desktopVersion=11.37.1&userId=43049709&teamId=0&region=us"]
[584805][1743045091975][main][info]["UpdateHandler~app-update-events - Received event",{"name":"checkForElectronVersionUpdated","namespace":"appUpdate"}]
[584805][1743045091981][main][info]["INTERCEPTOR CONNECTIVITY: Connecting to Interceptor Bridge"]
[584805][1743045091997][main][info]["windowManager: First requester booted successfully."]
[584805][1743045091998][main][info]["windowManager~restoreWindows: Restoring requester windows"]
[584805][1743045091998][main][info]["WebVersionService: Initialized successfully with version: 11.37.4-ui-250319-2337"]
[584805][1743045091998][main][info]["Main~AppEvents - Received booted event for process requester.Version 11.37.4 UI Version: 11.37.4-ui-250319-2337 Desktop Platform Version: 11.37.1"]
[584805][1743045092093][main][info]["Main~getRemoteInitPath:: "]
[584805][1743045093241][main][info]["Main~getRemoteInitPath:: "]
[584805][1743045093330][main][info]["Main - model-events~user - (user, update) received"]
[584805][1743045093641][main][info]["UpdateHandler~app-update-events - Received event",{"name":"checkForElectronVersionUpdated","namespace":"appUpdate"}]
[584805][1743045093653][main][info]["WebVersionService: Initialized successfully with version: 11.37.4-ui-250319-2337"]
[584805][1743045093653][main][info]["Main~AppEvents - Received booted event for process requester.Version 11.37.4 UI Version: 11.37.4-ui-250319-2337 Desktop Platform Version: 11.37.1"]
[584805][1743045093714][main][info]["Main~getRemoteInitPath:: "]
[584805][1743045093876][main][info]["Main~getPlatformLaunchPerfMetrics"]
[584805][1743045094714][main][info]["INTERCEPTOR CONNECTIVITY: Attempting to start websocket server on port 15611"]
[584805][1743045095002][main][info]["Main - model-events~user - (user, bootstrapUser) received"]
[584805][1743045095002][main][info]["model-events~user - bootstrapUser received"]
[584805][1743045095108][main][info]["Main - model-events~user - (user, bootstrapUser) received"]
[584805][1743045095109][main][info]["model-events~user - bootstrapUser received"]
[584805][1743045099432][main][error]["Error while retrieving user key from keychain",{"name":"Error","message":"The name is not activatable","stack":"Error: The name is not activatable"}]
[584805][1743045104946][main][info]["UpdateHandler~app-update-events - Received event",{"name":"updateElectron","namespace":"appUpdate","data":{"channel":"stable","version":"11.37.1","downloadVersion":"11.37.5","appId":"6568256b-4d72-4a25-a084-6f826f798bda","userAgent":"Mozilla/5.0 (X11; Linux x86_64) AppleWebKit/537.36 (KHTML, like Gecko) Postman/11.37.1 Electron/31.3.1 Safari/537.36","platform":"LINUX","arch":"64","downloadURL":"https://dl.pstmn.io/download/version/11.37.5/linux_64","updateServerDomain":"https://dl.pstmn.io/","additionalParamsString":"installationId=6568256b-4d72-4a25-a084-6f826f798bda&userId=43049709&syncEnabled=true&teamPlan=&teamId=0","userId":"43049709"}}]
[584805][1743045104946][main][info]["LinuxUpdater~downloadUpdate - UpdateInfo received",{"channel":"stable","version":"11.37.1","downloadVersion":"11.37.5","appId":"6568256b-4d72-4a25-a084-6f826f798bda","userAgent":"Mozilla/5.0 (X11; Linux x86_64) AppleWebKit/537.36 (KHTML, like Gecko) Postman/11.37.1 Electron/31.3.1 Safari/537.36","platform":"LINUX","arch":"64","downloadURL":"https://dl.pstmn.io/download/version/11.37.5/linux_64","updateServerDomain":"https://dl.pstmn.io/","additionalParamsString":"installationId=6568256b-4d72-4a25-a084-6f826f798bda&userId=43049709&syncEnabled=true&teamPlan=&teamId=0","userId":"43049709"}]
[584805][1743045106627][main][error]["@postman/app-updater: error",{"errno":-13,"code":"EACCES","syscall":"open","path":"/opt/postman/Postman-1743045104947.tar.gz","name":"Error","message":"EACCES: permission denied, open '/opt/postman/Postman-1743045104947.tar.gz'","stack":"Error: EACCES: permission denied, open '/opt/postman/Postman-1743045104947.tar.gz'"},{"context":{"api":"@postman/app-updater","domain":"starship"},"info":"{\"packageName\":\"Postman\",\"eID\":\"Postman-1743045104947\",\"downloadURL\":\"https://dl.pstmn.io/download/version/11.37.5/linux_64\",\"downloadDirectory\":\"/opt/postman\",\"downloadInfo\":{\"status\":\"DOWNLOAD_ERROR\",\"error\":{\"errno\":-13,\"code\":\"EACCES\",\"syscall\":\"open\",\"path\":\"/opt/postman/Postman-1743045104947.tar.gz\"},\"downloadDirectory\":\"/opt/postman\"}}"}]
[584805][1743045106630][main][info]["UpdateHandler~app-update-events - Received event",{"name":"electronAppUpdateError","namespace":"appUpdate","data":{"error":{"errno":-13,"code":"EACCES","syscall":"open","path":"/opt/postman/Postman-1743045104947.tar.gz","name":"Error","message":"EACCES: permission denied, open '/opt/postman/Postman-1743045104947.tar.gz'","stack":"Error: EACCES: permission denied, open '/opt/postman/Postman-1743045104947.tar.gz'"},"updateData":{"packageName":"Postman","eID":"Postman-1743045104947","downloadURL":"https://dl.pstmn.io/download/version/11.37.5/linux_64","downloadDirectory":"/opt/postman","downloadInfo":{"status":"DOWNLOAD_ERROR","error":{"errno":-13,"code":"EACCES","syscall":"open","path":"/opt/postman/Postman-1743045104947.tar.gz"},"downloadDirectory":"/opt/postman"}}}}]
[584805][1743046005876][main][info]["WindowManager~closeHandler - Closed Window (id: 4 )"]
[584805][1743046005923][main][info]["Quitting app"]
[614362][1743046209148][main][info]["Booting Postman 11.37.1, linux-6.13.7-arch1-1 on x64"]
[614362][1743046209153][main][info]["EventBus~initialize - Success"]
[614362][1743046209157][main][info]["Proxy configuration has not been setup"]
[614362][1743046209158][main][info]["CloudProxyManager~init - Success"]
[614362][1743046209227][main][info]["performShellDataMigration: Migration has already been done. Bailing out"]
[614362][1743046209235][main][info]["UpdateHandler~init - Success"]
[614362][1743046209237][main][info]["LeaderSelection: Initialized successfully"]
[614362][1743046209248][main][info]["GPU detected VID 4318 DID 9632 ACTIVE true"]
[614362][1743046209248][main][info]["GPU detected VID 32902 DID 18083 ACTIVE false"]
[614362][1743046209250][main][info]["shellController~init: Success"]
[614362][1743046209250][main][info]["shellMeta~init: Success"]
[614362][1743046209250][main][info]["partitionMigrationService: State of V7 partition:"]
[614362][1743046209250][main][info]["partitionMigrationService: V7 partitions",[]]
[614362][1743046209251][main][info]["partitionMigrationService~rectifyNamespaceOfScratchPadPartition: There is no partition with scratchpad namespace"]
[614362][1743046209251][main][info]["partitionMigrationService~rectifyNamespaceOfScratchPadPartition: There is no transit partition which could have been used for scratchpad"]
[614362][1743046209251][main][info]["partitionMigrationService~init: Success"]
[614362][1743046209252][main][info]["partitionMigrationService~runV8PartitionsIntegrity: Two way migration~ removing the following partitions from v8",[]]
[614362][1743046209252][main][info]["userPartitionService~getRecentV8UserPartition: recent v8 user context partition ","119824ed-9bb7-4612-a726-81eb959e1d5a"]
[614362][1743046209252][main][info]["userPartitionService~_rectifyTheActivePartitionOfApplication: Setting the active partition to ","119824ed-9bb7-4612-a726-81eb959e1d5a"]
[614362][1743046209256][main][info]["LinuxAutoUpdater~Cleanup - Initial cleanup successful"]
[614362][1743046209257][main][info]["newAccountRegionPreferenceService~getPreferenceWithFallback - Preference not found in storage."]
[614362][1743046209258][main][info]["newAccountRegionPreferenceService~getToggleMenuTemplate - Using preference:","useUSRegion"]
[614362][1743046209271][main][info]["userPartitionService~init: Success"]
[614362][1743046209290][main][info]["userPartitionService: State of v8 partition system:"]
[614362][1743046209291][main][info]["shell~init~getPartitionToLoad: loading active partition"]
[614362][1743046209291][main][info]["userPartitionService: List of partitions:",[{"partitionId":"119824ed-9bb7-4612-a726-81eb959e1d5a","namespace":"users","userId":"43049709","teamId":"0","lastUpdated":"2025-03-27T03:11:27.336Z"},{"partitionId":"57a66377-0f71-4256-b0e5-f80eac373dda","namespace":"scratchPad","userId":0,"teamId":0,"isDirty":false}]]
[614362][1743046209292][main][info]["userPartitionService: users global meta:",{}]
[614362][1743046209292][main][info]["Main:windowManager~newRequesterWindow: Fetch and update runtime config: us"]
[614362][1743046209377][main][info]["getDesktopReleaseVersionAsQueryParams: webVersion: "]
[614362][1743046212273][main][info]["Main~getRemoteInitPath:: "]
[614362][1743046212328][main][info]["UpdateHandler~app-update-events - Received event",{"name":"checkForElectronVersionUpdated","namespace":"appUpdate"}]
[614362][1743046212332][main][info]["INTERCEPTOR CONNECTIVITY: Connecting to Interceptor Bridge"]
[614362][1743046212347][main][info]["windowManager: First requester booted successfully."]
[614362][1743046212348][main][info]["windowManager~restoreWindows: Restoring requester windows"]
[614362][1743046212348][main][info]["WebVersionService: Initialized successfully with version: 11.37.4-ui-250319-2337"]
[614362][1743046212348][main][info]["Main~AppEvents - Received booted event for process requester.Version 11.37.4 UI Version: 11.37.4-ui-250319-2337 Desktop Platform Version: 11.37.1"]
[614362][1743046212438][main][info]["Main~getRemoteInitPath:: "]
[614362][1743046213063][main][info]["INTERCEPTOR CONNECTIVITY: Attempting to start websocket server on port 15611"]
[614362][1743046215057][main][info]["RuntimeIPCAgent~started: Success"]
[614362][1743046215379][main][info]["Main - model-events~user - (user, bootstrapUser) received"]
[614362][1743046215380][main][info]["model-events~user - bootstrapUser received"]
[614362][1743046215429][main][info]["Main~getPlatformLaunchPerfMetrics"]
[614362][1743046215508][main][error]["Error while retrieving user key from keychain",{"name":"Error","message":"The name is not activatable","stack":"Error: The name is not activatable"}]
[614362][1743046223560][main][info]["UpdateHandler~app-update-events - Received event",{"name":"updateElectron","namespace":"appUpdate","data":{"channel":"stable","version":"11.37.1","downloadVersion":"11.37.5","appId":"6568256b-4d72-4a25-a084-6f826f798bda","userAgent":"Mozilla/5.0 (X11; Linux x86_64) AppleWebKit/537.36 (KHTML, like Gecko) Postman/11.37.1 Electron/31.3.1 Safari/537.36","platform":"LINUX","arch":"64","downloadURL":"https://dl.pstmn.io/download/version/11.37.5/linux_64","updateServerDomain":"https://dl.pstmn.io/","additionalParamsString":"installationId=6568256b-4d72-4a25-a084-6f826f798bda&userId=43049709&syncEnabled=true&teamPlan=&teamId=0","userId":"43049709"}}]
[614362][1743046223560][main][info]["LinuxUpdater~downloadUpdate - UpdateInfo received",{"channel":"stable","version":"11.37.1","downloadVersion":"11.37.5","appId":"6568256b-4d72-4a25-a084-6f826f798bda","userAgent":"Mozilla/5.0 (X11; Linux x86_64) AppleWebKit/537.36 (KHTML, like Gecko) Postman/11.37.1 Electron/31.3.1 Safari/537.36","platform":"LINUX","arch":"64","downloadURL":"https://dl.pstmn.io/download/version/11.37.5/linux_64","updateServerDomain":"https://dl.pstmn.io/","additionalParamsString":"installationId=6568256b-4d72-4a25-a084-6f826f798bda&userId=43049709&syncEnabled=true&teamPlan=&teamId=0","userId":"43049709"}]
[614362][1743046225192][main][error]["@postman/app-updater: error",{"errno":-13,"code":"EACCES","syscall":"open","path":"/opt/postman/Postman-1743046223561.tar.gz","name":"Error","message":"EACCES: permission denied, open '/opt/postman/Postman-1743046223561.tar.gz'","stack":"Error: EACCES: permission denied, open '/opt/postman/Postman-1743046223561.tar.gz'"},{"context":{"api":"@postman/app-updater","domain":"starship"},"info":"{\"packageName\":\"Postman\",\"eID\":\"Postman-1743046223561\",\"downloadURL\":\"https://dl.pstmn.io/download/version/11.37.5/linux_64\",\"downloadDirectory\":\"/opt/postman\",\"downloadInfo\":{\"status\":\"DOWNLOAD_ERROR\",\"error\":{\"errno\":-13,\"code\":\"EACCES\",\"syscall\":\"open\",\"path\":\"/opt/postman/Postman-1743046223561.tar.gz\"},\"downloadDirectory\":\"/opt/postman\"}}"}]
[614362][1743046225194][main][info]["UpdateHandler~app-update-events - Received event",{"name":"electronAppUpdateError","namespace":"appUpdate","data":{"error":{"errno":-13,"code":"EACCES","syscall":"open","path":"/opt/postman/Postman-1743046223561.tar.gz","name":"Error","message":"EACCES: permission denied, open '/opt/postman/Postman-1743046223561.tar.gz'","stack":"Error: EACCES: permission denied, open '/opt/postman/Postman-1743046223561.tar.gz'"},"updateData":{"packageName":"Postman","eID":"Postman-1743046223561","downloadURL":"https://dl.pstmn.io/download/version/11.37.5/linux_64","downloadDirectory":"/opt/postman","downloadInfo":{"status":"DOWNLOAD_ERROR","error":{"errno":-13,"code":"EACCES","syscall":"open","path":"/opt/postman/Postman-1743046223561.tar.gz"},"downloadDirectory":"/opt/postman"}}}}]
[614362][1743046918952][main][info]["WindowManager~closeHandler - Closed Window (id: 1 )"]
[614362][1743046919028][main][info]["Quitting app"]
[639173][1743047187344][main][info]["Booting Postman 11.37.1, linux-6.13.7-arch1-1 on x64"]
[639173][1743047187348][main][info]["EventBus~initialize - Success"]
[639173][1743047187350][main][info]["Proxy configuration has not been setup"]
[639173][1743047187350][main][info]["CloudProxyManager~init - Success"]
[639173][1743047187411][main][info]["performShellDataMigration: Migration has already been done. Bailing out"]
[639173][1743047187418][main][info]["UpdateHandler~init - Success"]
[639173][1743047187420][main][info]["LeaderSelection: Initialized successfully"]
[639173][1743047187431][main][info]["GPU detected VID 4318 DID 9632 ACTIVE true"]
[639173][1743047187431][main][info]["GPU detected VID 32902 DID 18083 ACTIVE false"]
[639173][1743047187432][main][info]["shellController~init: Success"]
[639173][1743047187432][main][info]["shellMeta~init: Success"]
[639173][1743047187433][main][info]["partitionMigrationService: State of V7 partition:"]
[639173][1743047187433][main][info]["partitionMigrationService: V7 partitions",[]]
[639173][1743047187433][main][info]["partitionMigrationService~rectifyNamespaceOfScratchPadPartition: There is no partition with scratchpad namespace"]
[639173][1743047187433][main][info]["partitionMigrationService~rectifyNamespaceOfScratchPadPartition: There is no transit partition which could have been used for scratchpad"]
[639173][1743047187433][main][info]["partitionMigrationService~init: Success"]
[639173][1743047187434][main][info]["partitionMigrationService~runV8PartitionsIntegrity: Two way migration~ removing the following partitions from v8",[]]
[639173][1743047187434][main][info]["userPartitionService~getRecentV8UserPartition: recent v8 user context partition ","119824ed-9bb7-4612-a726-81eb959e1d5a"]
[639173][1743047187434][main][info]["userPartitionService~_rectifyTheActivePartitionOfApplication: Setting the active partition to ","119824ed-9bb7-4612-a726-81eb959e1d5a"]
[639173][1743047187438][main][info]["LinuxAutoUpdater~Cleanup - Initial cleanup successful"]
[639173][1743047187440][main][info]["newAccountRegionPreferenceService~getPreferenceWithFallback - Preference not found in storage."]
[639173][1743047187440][main][info]["newAccountRegionPreferenceService~getToggleMenuTemplate - Using preference:","useUSRegion"]
[639173][1743047187452][main][info]["userPartitionService~init: Success"]
[639173][1743047187468][main][info]["userPartitionService: State of v8 partition system:"]
[639173][1743047187468][main][info]["shell~init~getPartitionToLoad: loading active partition"]
[639173][1743047187468][main][info]["userPartitionService: List of partitions:",[{"partitionId":"119824ed-9bb7-4612-a726-81eb959e1d5a","namespace":"users","userId":"43049709","teamId":"0","lastUpdated":"2025-03-27T03:11:27.336Z"},{"partitionId":"57a66377-0f71-4256-b0e5-f80eac373dda","namespace":"scratchPad","userId":0,"teamId":0,"isDirty":false}]]
[639173][1743047187469][main][info]["userPartitionService: users global meta:",{}]
[639173][1743047187469][main][info]["Main:windowManager~newRequesterWindow: Fetch and update runtime config: us"]
[639173][1743047187534][main][info]["getDesktopReleaseVersionAsQueryParams: webVersion: "]
[639173][1743047188806][main][info]["Main~getRemoteInitPath:: "]
[639173][1743047188867][main][info]["UpdateHandler~app-update-events - Received event",{"name":"checkForElectronVersionUpdated","namespace":"appUpdate"}]
[639173][1743047188871][main][info]["INTERCEPTOR CONNECTIVITY: Connecting to Interceptor Bridge"]
[639173][1743047188889][main][info]["windowManager: First requester booted successfully."]
[639173][1743047188889][main][info]["windowManager~restoreWindows: Restoring requester windows"]
[639173][1743047188889][main][info]["WebVersionService: Initialized successfully with version: 11.37.4-ui-250319-2337"]
[639173][1743047188890][main][info]["Main~AppEvents - Received booted event for process requester.Version 11.37.4 UI Version: 11.37.4-ui-250319-2337 Desktop Platform Version: 11.37.1"]
[639173][1743047188999][main][info]["Main~getRemoteInitPath:: "]
[639173][1743047189685][main][info]["INTERCEPTOR CONNECTIVITY: Attempting to start websocket server on port 15611"]
[639173][1743047191405][main][info]["RuntimeIPCAgent~started: Success"]
[639173][1743047191611][main][info]["Main - model-events~user - (user, bootstrapUser) received"]
[639173][1743047191611][main][info]["model-events~user - bootstrapUser received"]
[639173][1743047191631][main][info]["Main~getPlatformLaunchPerfMetrics"]
[639173][1743047191828][main][error]["Error while retrieving user key from keychain",{"name":"Error","message":"The name is not activatable","stack":"Error: The name is not activatable"}]
[639173][1743047200214][main][info]["UpdateHandler~app-update-events - Received event",{"name":"updateElectron","namespace":"appUpdate","data":{"channel":"stable","version":"11.37.1","downloadVersion":"11.37.5","appId":"6568256b-4d72-4a25-a084-6f826f798bda","userAgent":"Mozilla/5.0 (X11; Linux x86_64) AppleWebKit/537.36 (KHTML, like Gecko) Postman/11.37.1 Electron/31.3.1 Safari/537.36","platform":"LINUX","arch":"64","downloadURL":"https://dl.pstmn.io/download/version/11.37.5/linux_64","updateServerDomain":"https://dl.pstmn.io/","additionalParamsString":"installationId=6568256b-4d72-4a25-a084-6f826f798bda&userId=43049709&syncEnabled=true&teamPlan=&teamId=0","userId":"43049709"}}]
[639173][1743047200214][main][info]["LinuxUpdater~downloadUpdate - UpdateInfo received",{"channel":"stable","version":"11.37.1","downloadVersion":"11.37.5","appId":"6568256b-4d72-4a25-a084-6f826f798bda","userAgent":"Mozilla/5.0 (X11; Linux x86_64) AppleWebKit/537.36 (KHTML, like Gecko) Postman/11.37.1 Electron/31.3.1 Safari/537.36","platform":"LINUX","arch":"64","downloadURL":"https://dl.pstmn.io/download/version/11.37.5/linux_64","updateServerDomain":"https://dl.pstmn.io/","additionalParamsString":"installationId=6568256b-4d72-4a25-a084-6f826f798bda&userId=43049709&syncEnabled=true&teamPlan=&teamId=0","userId":"43049709"}]
[639173][1743047201792][main][error]["@postman/app-updater: error",{"errno":-13,"code":"EACCES","syscall":"open","path":"/opt/postman/Postman-1743047200215.tar.gz","name":"Error","message":"EACCES: permission denied, open '/opt/postman/Postman-1743047200215.tar.gz'","stack":"Error: EACCES: permission denied, open '/opt/postman/Postman-1743047200215.tar.gz'"},{"context":{"api":"@postman/app-updater","domain":"starship"},"info":"{\"packageName\":\"Postman\",\"eID\":\"Postman-1743047200215\",\"downloadURL\":\"https://dl.pstmn.io/download/version/11.37.5/linux_64\",\"downloadDirectory\":\"/opt/postman\",\"downloadInfo\":{\"status\":\"DOWNLOAD_ERROR\",\"error\":{\"errno\":-13,\"code\":\"EACCES\",\"syscall\":\"open\",\"path\":\"/opt/postman/Postman-1743047200215.tar.gz\"},\"downloadDirectory\":\"/opt/postman\"}}"}]
[639173][1743047201795][main][info]["UpdateHandler~app-update-events - Received event",{"name":"electronAppUpdateError","namespace":"appUpdate","data":{"error":{"errno":-13,"code":"EACCES","syscall":"open","path":"/opt/postman/Postman-1743047200215.tar.gz","name":"Error","message":"EACCES: permission denied, open '/opt/postman/Postman-1743047200215.tar.gz'","stack":"Error: EACCES: permission denied, open '/opt/postman/Postman-1743047200215.tar.gz'"},"updateData":{"packageName":"Postman","eID":"Postman-1743047200215","downloadURL":"https://dl.pstmn.io/download/version/11.37.5/linux_64","downloadDirectory":"/opt/postman","downloadInfo":{"status":"DOWNLOAD_ERROR","error":{"errno":-13,"code":"EACCES","syscall":"open","path":"/opt/postman/Postman-1743047200215.tar.gz"},"downloadDirectory":"/opt/postman"}}}}]
[639173][1743086911716][main][info]["Quitting app"]
[11901][1743087318132][main][info]["Booting Postman 11.37.1, linux-6.13.8-arch1-1 on x64"]
[11901][1743087318137][main][info]["EventBus~initialize - Success"]
[11901][1743087318141][main][info]["Proxy configuration has not been setup"]
[11901][1743087318142][main][info]["CloudProxyManager~init - Success"]
[11901][1743087318208][main][info]["performShellDataMigration: Migration has already been done. Bailing out"]
[11901][1743087318219][main][info]["UpdateHandler~init - Success"]
[11901][1743087318222][main][info]["LeaderSelection: Initialized successfully"]
[11901][1743087318233][main][info]["GPU detected VID 4318 DID 9632 ACTIVE true"]
[11901][1743087318233][main][info]["GPU detected VID 32902 DID 18083 ACTIVE false"]
[11901][1743087318234][main][info]["shellController~init: Success"]
[11901][1743087318235][main][info]["shellMeta~init: Success"]
[11901][1743087318235][main][info]["partitionMigrationService: State of V7 partition:"]
[11901][1743087318235][main][info]["partitionMigrationService: V7 partitions",[]]
[11901][1743087318235][main][info]["partitionMigrationService~rectifyNamespaceOfScratchPadPartition: There is no partition with scratchpad namespace"]
[11901][1743087318236][main][info]["partitionMigrationService~rectifyNamespaceOfScratchPadPartition: There is no transit partition which could have been used for scratchpad"]
[11901][1743087318236][main][info]["partitionMigrationService~init: Success"]
[11901][1743087318237][main][info]["partitionMigrationService~runV8PartitionsIntegrity: Two way migration~ removing the following partitions from v8",[]]
[11901][1743087318238][main][info]["userPartitionService~getRecentV8UserPartition: recent v8 user context partition ","119824ed-9bb7-4612-a726-81eb959e1d5a"]
[11901][1743087318238][main][info]["userPartitionService~_rectifyTheActivePartitionOfApplication: Setting the active partition to ","119824ed-9bb7-4612-a726-81eb959e1d5a"]
[11901][1743087318243][main][info]["LinuxAutoUpdater~Cleanup - Initial cleanup successful"]
[11901][1743087318245][main][info]["newAccountRegionPreferenceService~getPreferenceWithFallback - Preference not found in storage."]
[11901][1743087318245][main][info]["newAccountRegionPreferenceService~getToggleMenuTemplate - Using preference:","useUSRegion"]
[11901][1743087318253][main][info]["userPartitionService~init: Success"]
[11901][1743087318270][main][info]["userPartitionService: State of v8 partition system:"]
[11901][1743087318270][main][info]["shell~init~getPartitionToLoad: loading active partition"]
[11901][1743087318270][main][info]["userPartitionService: List of partitions:",[{"partitionId":"119824ed-9bb7-4612-a726-81eb959e1d5a","namespace":"users","userId":"43049709","teamId":"0","lastUpdated":"2025-03-27T03:11:27.336Z"},{"partitionId":"57a66377-0f71-4256-b0e5-f80eac373dda","namespace":"scratchPad","userId":0,"teamId":0,"isDirty":false}]]
[11901][1743087318270][main][info]["userPartitionService: users global meta:",{}]
[11901][1743087318271][main][info]["Main:windowManager~newRequesterWindow: Fetch and update runtime config: us"]
[11901][1743087318367][main][info]["getDesktopReleaseVersionAsQueryParams: webVersion: "]
[11901][1743087319726][main][info]["Main~getRemoteInitPath:: "]
[11901][1743087319786][main][info]["UpdateHandler~app-update-events - Received event",{"name":"checkForElectronVersionUpdated","namespace":"appUpdate"}]
[11901][1743087319789][main][info]["INTERCEPTOR CONNECTIVITY: Connecting to Interceptor Bridge"]
[11901][1743087319805][main][info]["windowManager: First requester booted successfully."]
[11901][1743087319805][main][info]["windowManager~restoreWindows: Restoring requester windows"]
[11901][1743087319805][main][info]["WebVersionService: Initialized successfully with version: 11.37.4-ui-250319-2337"]
[11901][1743087319806][main][info]["Main~AppEvents - Received booted event for process requester.Version 11.37.4 UI Version: 11.37.4-ui-250319-2337 Desktop Platform Version: 11.37.1"]
[11901][1743087319900][main][info]["Main~getRemoteInitPath:: "]
[11901][1743087320346][main][info]["INTERCEPTOR CONNECTIVITY: Attempting to start websocket server on port 15611"]
[11901][1743087323334][main][info]["RuntimeIPCAgent~started: Success"]
[11901][1743087323954][main][error]["Error while retrieving user key from keychain",{"name":"Error","message":"The name is not activatable","stack":"Error: The name is not activatable"}]
[11901][1743087323969][main][info]["Main - model-events~user - (user, bootstrapUser) received"]
[11901][1743087323969][main][info]["model-events~user - bootstrapUser received"]
[11901][1743087323992][main][info]["Main~getPlatformLaunchPerfMetrics"]
[11901][1743087341643][main][info]["UpdateHandler~app-update-events - Received event",{"name":"updateElectron","namespace":"appUpdate","data":{"channel":"stable","version":"11.37.1","downloadVersion":"11.37.5","appId":"6568256b-4d72-4a25-a084-6f826f798bda","userAgent":"Mozilla/5.0 (X11; Linux x86_64) AppleWebKit/537.36 (KHTML, like Gecko) Postman/11.37.1 Electron/31.3.1 Safari/537.36","platform":"LINUX","arch":"64","downloadURL":"https://dl.pstmn.io/download/version/11.37.5/linux_64","updateServerDomain":"https://dl.pstmn.io/","additionalParamsString":"installationId=6568256b-4d72-4a25-a084-6f826f798bda&userId=43049709&syncEnabled=true&teamPlan=&teamId=0","userId":"43049709"}}]
[11901][1743087341644][main][info]["LinuxUpdater~downloadUpdate - UpdateInfo received",{"channel":"stable","version":"11.37.1","downloadVersion":"11.37.5","appId":"6568256b-4d72-4a25-a084-6f826f798bda","userAgent":"Mozilla/5.0 (X11; Linux x86_64) AppleWebKit/537.36 (KHTML, like Gecko) Postman/11.37.1 Electron/31.3.1 Safari/537.36","platform":"LINUX","arch":"64","downloadURL":"https://dl.pstmn.io/download/version/11.37.5/linux_64","updateServerDomain":"https://dl.pstmn.io/","additionalParamsString":"installationId=6568256b-4d72-4a25-a084-6f826f798bda&userId=43049709&syncEnabled=true&teamPlan=&teamId=0","userId":"43049709"}]
[11901][1743087357299][main][error]["@postman/app-updater: error",{"errno":-13,"code":"EACCES","syscall":"open","path":"/opt/postman/Postman-1743087341645.tar.gz","name":"Error","message":"EACCES: permission denied, open '/opt/postman/Postman-1743087341645.tar.gz'","stack":"Error: EACCES: permission denied, open '/opt/postman/Postman-1743087341645.tar.gz'"},{"context":{"api":"@postman/app-updater","domain":"starship"},"info":"{\"packageName\":\"Postman\",\"eID\":\"Postman-1743087341645\",\"downloadURL\":\"https://dl.pstmn.io/download/version/11.37.5/linux_64\",\"downloadDirectory\":\"/opt/postman\",\"downloadInfo\":{\"status\":\"DOWNLOAD_ERROR\",\"error\":{\"errno\":-13,\"code\":\"EACCES\",\"syscall\":\"open\",\"path\":\"/opt/postman/Postman-1743087341645.tar.gz\"},\"downloadDirectory\":\"/opt/postman\"}}"}]
[11901][1743087357302][main][info]["UpdateHandler~app-update-events - Received event",{"name":"electronAppUpdateError","namespace":"appUpdate","data":{"error":{"errno":-13,"code":"EACCES","syscall":"open","path":"/opt/postman/Postman-1743087341645.tar.gz","name":"Error","message":"EACCES: permission denied, open '/opt/postman/Postman-1743087341645.tar.gz'","stack":"Error: EACCES: permission denied, open '/opt/postman/Postman-1743087341645.tar.gz'"},"updateData":{"packageName":"Postman","eID":"Postman-1743087341645","downloadURL":"https://dl.pstmn.io/download/version/11.37.5/linux_64","downloadDirectory":"/opt/postman","downloadInfo":{"status":"DOWNLOAD_ERROR","error":{"errno":-13,"code":"EACCES","syscall":"open","path":"/opt/postman/Postman-1743087341645.tar.gz"},"downloadDirectory":"/opt/postman"}}}}]
[11901][1743089227183][main][info]["WindowManager~closeHandler - Closed Window (id: 1 )"]
[11901][1743089227209][main][info]["Quitting app"]
[974430][1743217175403][main][info]["Booting Postman 11.37.1, linux-6.13.8-arch1-1 on x64"]
[974430][1743217175409][main][info]["EventBus~initialize - Success"]
[974430][1743217175415][main][info]["Proxy configuration has not been setup"]
[974430][1743217175417][main][info]["CloudProxyManager~init - Success"]
[974430][1743217175500][main][info]["performShellDataMigration: Migration has already been done. Bailing out"]
[974430][1743217175514][main][info]["UpdateHandler~init - Success"]
[974430][1743217175517][main][info]["LeaderSelection: Initialized successfully"]
[974430][1743217175529][main][info]["GPU detected VID 4318 DID 9632 ACTIVE true"]
[974430][1743217175529][main][info]["GPU detected VID 32902 DID 18083 ACTIVE false"]
[974430][1743217175530][main][info]["shellController~init: Success"]
[974430][1743217175531][main][info]["shellMeta~init: Success"]
[974430][1743217175531][main][info]["partitionMigrationService: State of V7 partition:"]
[974430][1743217175531][main][info]["partitionMigrationService: V7 partitions",[]]
[974430][1743217175531][main][info]["partitionMigrationService~rectifyNamespaceOfScratchPadPartition: There is no partition with scratchpad namespace"]
[974430][1743217175531][main][info]["partitionMigrationService~rectifyNamespaceOfScratchPadPartition: There is no transit partition which could have been used for scratchpad"]
[974430][1743217175531][main][info]["partitionMigrationService~init: Success"]
[974430][1743217175532][main][info]["partitionMigrationService~runV8PartitionsIntegrity: Two way migration~ removing the following partitions from v8",[]]
[974430][1743217175533][main][info]["userPartitionService~getRecentV8UserPartition: recent v8 user context partition ","119824ed-9bb7-4612-a726-81eb959e1d5a"]
[974430][1743217175533][main][info]["userPartitionService~_rectifyTheActivePartitionOfApplication: Setting the active partition to ","119824ed-9bb7-4612-a726-81eb959e1d5a"]
[974430][1743217175537][main][info]["LinuxAutoUpdater~Cleanup - Initial cleanup successful"]
[974430][1743217175539][main][info]["newAccountRegionPreferenceService~getPreferenceWithFallback - Preference not found in storage."]
[974430][1743217175540][main][info]["newAccountRegionPreferenceService~getToggleMenuTemplate - Using preference:","useUSRegion"]
[974430][1743217175553][main][info]["userPartitionService~init: Success"]
[974430][1743217175572][main][info]["userPartitionService: State of v8 partition system:"]
[974430][1743217175573][main][info]["shell~init~getPartitionToLoad: loading active partition"]
[974430][1743217175573][main][info]["userPartitionService: List of partitions:",[{"partitionId":"119824ed-9bb7-4612-a726-81eb959e1d5a","namespace":"users","userId":"43049709","teamId":"0","lastUpdated":"2025-03-27T03:11:27.336Z"},{"partitionId":"57a66377-0f71-4256-b0e5-f80eac373dda","namespace":"scratchPad","userId":0,"teamId":0,"isDirty":false}]]
[974430][1743217175573][main][info]["userPartitionService: users global meta:",{}]
[974430][1743217175573][main][info]["Main:windowManager~newRequesterWindow: Fetch and update runtime config: us"]
[974430][1743217175711][main][info]["getDesktopReleaseVersionAsQueryParams: webVersion: "]
[974430][1743217177097][main][info]["Main~getRemoteInitPath:: "]
[974430][1743217177167][main][info]["UpdateHandler~app-update-events - Received event",{"name":"checkForElectronVersionUpdated","namespace":"appUpdate"}]
[974430][1743217177170][main][info]["INTERCEPTOR CONNECTIVITY: Connecting to Interceptor Bridge"]
[974430][1743217177185][main][info]["windowManager: First requester booted successfully."]
[974430][1743217177186][main][info]["windowManager~restoreWindows: Restoring requester windows"]
[974430][1743217177186][main][info]["WebVersionService: Initialized successfully with version: 11.37.4-ui-250319-2337"]
[974430][1743217177186][main][info]["Main~AppEvents - Received booted event for process requester.Version 11.37.4 UI Version: 11.37.4-ui-250319-2337 Desktop Platform Version: 11.37.1"]
[974430][1743217177331][main][info]["Main~getRemoteInitPath:: "]
[974430][1743217177935][main][info]["INTERCEPTOR CONNECTIVITY: Attempting to start websocket server on port 15611"]
[974430][1743217181240][main][info]["RuntimeIPCAgent~started: Success"]
[974430][1743217181528][main][info]["Main - model-events~user - (user, bootstrapUser) received"]
[974430][1743217181528][main][info]["model-events~user - bootstrapUser received"]
[974430][1743217181572][main][info]["Main~getPlatformLaunchPerfMetrics"]
[974430][1743217181745][main][error]["Error while retrieving user key from keychain",{"name":"Error","message":"The name is not activatable","stack":"Error: The name is not activatable"}]
[974430][1743217198973][main][info]["UpdateHandler~app-update-events - Received event",{"name":"updateElectron","namespace":"appUpdate","data":{"channel":"stable","version":"11.37.1","downloadVersion":"11.38.5","appId":"6568256b-4d72-4a25-a084-6f826f798bda","userAgent":"Mozilla/5.0 (X11; Linux x86_64) AppleWebKit/537.36 (KHTML, like Gecko) Postman/11.37.1 Electron/31.3.1 Safari/537.36","platform":"LINUX","arch":"64","downloadURL":"https://dl.pstmn.io/download/version/11.38.5/linux_64","updateServerDomain":"https://dl.pstmn.io/","additionalParamsString":"installationId=6568256b-4d72-4a25-a084-6f826f798bda&userId=43049709&syncEnabled=true&teamPlan=&teamId=0","userId":"43049709"}}]
[974430][1743217198974][main][info]["LinuxUpdater~downloadUpdate - UpdateInfo received",{"channel":"stable","version":"11.37.1","downloadVersion":"11.38.5","appId":"6568256b-4d72-4a25-a084-6f826f798bda","userAgent":"Mozilla/5.0 (X11; Linux x86_64) AppleWebKit/537.36 (KHTML, like Gecko) Postman/11.37.1 Electron/31.3.1 Safari/537.36","platform":"LINUX","arch":"64","downloadURL":"https://dl.pstmn.io/download/version/11.38.5/linux_64","updateServerDomain":"https://dl.pstmn.io/","additionalParamsString":"installationId=6568256b-4d72-4a25-a084-6f826f798bda&userId=43049709&syncEnabled=true&teamPlan=&teamId=0","userId":"43049709"}]
[974430][1743217214453][main][error]["@postman/app-updater: error",{"errno":-13,"code":"EACCES","syscall":"open","path":"/opt/postman/Postman-1743217198974.tar.gz","name":"Error","message":"EACCES: permission denied, open '/opt/postman/Postman-1743217198974.tar.gz'","stack":"Error: EACCES: permission denied, open '/opt/postman/Postman-1743217198974.tar.gz'"},{"context":{"api":"@postman/app-updater","domain":"starship"},"info":"{\"packageName\":\"Postman\",\"eID\":\"Postman-1743217198974\",\"downloadURL\":\"https://dl.pstmn.io/download/version/11.38.5/linux_64\",\"downloadDirectory\":\"/opt/postman\",\"downloadInfo\":{\"status\":\"DOWNLOAD_ERROR\",\"error\":{\"errno\":-13,\"code\":\"EACCES\",\"syscall\":\"open\",\"path\":\"/opt/postman/Postman-1743217198974.tar.gz\"},\"downloadDirectory\":\"/opt/postman\"}}"}]
[974430][1743217214457][main][info]["UpdateHandler~app-update-events - Received event",{"name":"electronAppUpdateError","namespace":"appUpdate","data":{"error":{"errno":-13,"code":"EACCES","syscall":"open","path":"/opt/postman/Postman-1743217198974.tar.gz","name":"Error","message":"EACCES: permission denied, open '/opt/postman/Postman-1743217198974.tar.gz'","stack":"Error: EACCES: permission denied, open '/opt/postman/Postman-1743217198974.tar.gz'"},"updateData":{"packageName":"Postman","eID":"Postman-1743217198974","downloadURL":"https://dl.pstmn.io/download/version/11.38.5/linux_64","downloadDirectory":"/opt/postman","downloadInfo":{"status":"DOWNLOAD_ERROR","error":{"errno":-13,"code":"EACCES","syscall":"open","path":"/opt/postman/Postman-1743217198974.tar.gz"},"downloadDirectory":"/opt/postman"}}}}]
[974430][1743220982717][main][info]["WindowManager~closeHandler - Closed Window (id: 1 )"]
[974430][1743220982789][main][info]["Quitting app"]
[752558][1743356882665][main][info]["Booting Postman 11.37.1, linux-6.13.8-arch1-1 on x64"]
[752558][1743356882670][main][info]["EventBus~initialize - Success"]
[752558][1743356882675][main][info]["Proxy configuration has not been setup"]
[752558][1743356882676][main][info]["CloudProxyManager~init - Success"]
[752558][1743356882750][main][info]["performShellDataMigration: Migration has already been done. Bailing out"]
[752558][1743356882761][main][info]["UpdateHandler~init - Success"]
[752558][1743356882764][main][info]["LeaderSelection: Initialized successfully"]
[752558][1743356882775][main][info]["GPU detected VID 4318 DID 9632 ACTIVE true"]
[752558][1743356882776][main][info]["GPU detected VID 32902 DID 18083 ACTIVE false"]
[752558][1743356882777][main][info]["shellController~init: Success"]
[752558][1743356882777][main][info]["shellMeta~init: Success"]
[752558][1743356882777][main][info]["partitionMigrationService: State of V7 partition:"]
[752558][1743356882777][main][info]["partitionMigrationService: V7 partitions",[]]
[752558][1743356882777][main][info]["partitionMigrationService~rectifyNamespaceOfScratchPadPartition: There is no partition with scratchpad namespace"]
[752558][1743356882778][main][info]["partitionMigrationService~rectifyNamespaceOfScratchPadPartition: There is no transit partition which could have been used for scratchpad"]
[752558][1743356882778][main][info]["partitionMigrationService~init: Success"]
[752558][1743356882778][main][info]["partitionMigrationService~runV8PartitionsIntegrity: Two way migration~ removing the following partitions from v8",[]]
[752558][1743356882779][main][info]["userPartitionService~getRecentV8UserPartition: recent v8 user context partition ","119824ed-9bb7-4612-a726-81eb959e1d5a"]
[752558][1743356882779][main][info]["userPartitionService~_rectifyTheActivePartitionOfApplication: Setting the active partition to ","119824ed-9bb7-4612-a726-81eb959e1d5a"]
[752558][1743356882783][main][info]["LinuxAutoUpdater~Cleanup - Initial cleanup successful"]
[752558][1743356882785][main][info]["newAccountRegionPreferenceService~getPreferenceWithFallback - Preference not found in storage."]
[752558][1743356882785][main][info]["newAccountRegionPreferenceService~getToggleMenuTemplate - Using preference:","useUSRegion"]
[752558][1743356882794][main][info]["userPartitionService~init: Success"]
[752558][1743356882807][main][info]["userPartitionService: State of v8 partition system:"]
[752558][1743356882808][main][info]["shell~init~getPartitionToLoad: loading active partition"]
[752558][1743356882808][main][info]["userPartitionService: List of partitions:",[{"partitionId":"119824ed-9bb7-4612-a726-81eb959e1d5a","namespace":"users","userId":"43049709","teamId":"0","lastUpdated":"2025-03-27T03:11:27.336Z"},{"partitionId":"57a66377-0f71-4256-b0e5-f80eac373dda","namespace":"scratchPad","userId":0,"teamId":0,"isDirty":false}]]
[752558][1743356882808][main][info]["userPartitionService: users global meta:",{}]
[752558][1743356882808][main][info]["Main:windowManager~newRequesterWindow: Fetch and update runtime config: us"]
[752558][1743356882898][main][info]["getDesktopReleaseVersionAsQueryParams: webVersion: "]
[752558][1743356900153][main][info]["Main~getRemoteInitPath:: "]
[752558][1743356900259][main][info]["UpdateHandler~app-update-events - Received event",{"name":"checkForElectronVersionUpdated","namespace":"appUpdate"}]
[752558][1743356900265][main][info]["INTERCEPTOR CONNECTIVITY: Connecting to Interceptor Bridge"]
[752558][1743356900291][main][info]["windowManager: First requester booted successfully."]
[752558][1743356900292][main][info]["windowManager~restoreWindows: Restoring requester windows"]
[752558][1743356900293][main][info]["WebVersionService: Initialized successfully with version: 11.37.4-ui-250319-2337"]
[752558][1743356900293][main][info]["Main~AppEvents - Received booted event for process requester.Version 11.37.4 UI Version: 11.37.4-ui-250319-2337 Desktop Platform Version: 11.37.1"]
[752558][1743356900431][main][info]["Main~getRemoteInitPath:: "]
[752558][1743356900832][main][info]["INTERCEPTOR CONNECTIVITY: Attempting to start websocket server on port 15611"]
[752558][1743356903556][main][info]["RuntimeIPCAgent~started: Success"]
[752558][1743356903565][main][info]["Main~getPlatformLaunchPerfMetrics"]
[752558][1743356903800][main][info]["Main - model-events~user - (user, bootstrapUser) received"]
[752558][1743356903800][main][info]["model-events~user - bootstrapUser received"]
[752558][1743356916256][main][info]["UpdateHandler~app-update-events - Received event",{"name":"updateElectron","namespace":"appUpdate","data":{"channel":"stable","version":"11.37.1","downloadVersion":"11.38.5","appId":"6568256b-4d72-4a25-a084-6f826f798bda","userAgent":"Mozilla/5.0 (X11; Linux x86_64) AppleWebKit/537.36 (KHTML, like Gecko) Postman/11.37.1 Electron/31.3.1 Safari/537.36","platform":"LINUX","arch":"64","downloadURL":"https://dl.pstmn.io/download/version/11.38.5/linux_64","updateServerDomain":"https://dl.pstmn.io/","additionalParamsString":"installationId=6568256b-4d72-4a25-a084-6f826f798bda&userId=43049709&syncEnabled=true&teamPlan=&teamId=0","userId":"43049709"}}]
[752558][1743356916257][main][info]["LinuxUpdater~downloadUpdate - UpdateInfo received",{"channel":"stable","version":"11.37.1","downloadVersion":"11.38.5","appId":"6568256b-4d72-4a25-a084-6f826f798bda","userAgent":"Mozilla/5.0 (X11; Linux x86_64) AppleWebKit/537.36 (KHTML, like Gecko) Postman/11.37.1 Electron/31.3.1 Safari/537.36","platform":"LINUX","arch":"64","downloadURL":"https://dl.pstmn.io/download/version/11.38.5/linux_64","updateServerDomain":"https://dl.pstmn.io/","additionalParamsString":"installationId=6568256b-4d72-4a25-a084-6f826f798bda&userId=43049709&syncEnabled=true&teamPlan=&teamId=0","userId":"43049709"}]
[752558][1743356931853][main][error]["@postman/app-updater: error",{"errno":-13,"code":"EACCES","syscall":"open","path":"/opt/postman/Postman-1743356916258.tar.gz","name":"Error","message":"EACCES: permission denied, open '/opt/postman/Postman-1743356916258.tar.gz'","stack":"Error: EACCES: permission denied, open '/opt/postman/Postman-1743356916258.tar.gz'"},{"context":{"api":"@postman/app-updater","domain":"starship"},"info":"{\"packageName\":\"Postman\",\"eID\":\"Postman-1743356916258\",\"downloadURL\":\"https://dl.pstmn.io/download/version/11.38.5/linux_64\",\"downloadDirectory\":\"/opt/postman\",\"downloadInfo\":{\"status\":\"DOWNLOAD_ERROR\",\"error\":{\"errno\":-13,\"code\":\"EACCES\",\"syscall\":\"open\",\"path\":\"/opt/postman/Postman-1743356916258.tar.gz\"},\"downloadDirectory\":\"/opt/postman\"}}"}]
[752558][1743356931856][main][info]["UpdateHandler~app-update-events - Received event",{"name":"electronAppUpdateError","namespace":"appUpdate","data":{"error":{"errno":-13,"code":"EACCES","syscall":"open","path":"/opt/postman/Postman-1743356916258.tar.gz","name":"Error","message":"EACCES: permission denied, open '/opt/postman/Postman-1743356916258.tar.gz'","stack":"Error: EACCES: permission denied, open '/opt/postman/Postman-1743356916258.tar.gz'"},"updateData":{"packageName":"Postman","eID":"Postman-1743356916258","downloadURL":"https://dl.pstmn.io/download/version/11.38.5/linux_64","downloadDirectory":"/opt/postman","downloadInfo":{"status":"DOWNLOAD_ERROR","error":{"errno":-13,"code":"EACCES","syscall":"open","path":"/opt/postman/Postman-1743356916258.tar.gz"},"downloadDirectory":"/opt/postman"}}}}]
[752558][1743357619356][main][info]["WindowManager~closeHandler - Closed Window (id: 1 )"]
[752558][1743357619430][main][info]["Quitting app"]
[1192467][1743436142699][main][info]["Booting Postman 11.37.1, linux-6.13.8-arch1-1 on x64"]
[1192467][1743436142705][main][info]["EventBus~initialize - Success"]
[1192467][1743436142711][main][info]["Proxy configuration has not been setup"]
[1192467][1743436142712][main][info]["CloudProxyManager~init - Success"]
[1192467][1743436142807][main][info]["sendAnalytics: Error while sending request",{"name":"TypeError","message":"fetch failed","stack":"TypeError: fetch failed\n    at node:internal/deps/undici/undici:12502:13\n    at process.processTicksAndRejections (node:internal/process/task_queues:95:5)"}]
[1192467][1743436142812][main][info]["performShellDataMigration: Migration has already been done. Bailing out"]
[1192467][1743436142825][main][info]["UpdateHandler~init - Success"]
[1192467][1743436142827][main][info]["LeaderSelection: Initialized successfully"]
[1192467][1743436142840][main][info]["GPU detected VID 4318 DID 9632 ACTIVE true"]
[1192467][1743436142840][main][info]["GPU detected VID 32902 DID 18083 ACTIVE false"]
[1192467][1743436142841][main][info]["shellController~init: Success"]
[1192467][1743436142841][main][info]["shellMeta~init: Success"]
[1192467][1743436142841][main][info]["partitionMigrationService: State of V7 partition:"]
[1192467][1743436142841][main][info]["partitionMigrationService: V7 partitions",[]]
[1192467][1743436142842][main][info]["partitionMigrationService~rectifyNamespaceOfScratchPadPartition: There is no partition with scratchpad namespace"]
[1192467][1743436142842][main][info]["partitionMigrationService~rectifyNamespaceOfScratchPadPartition: There is no transit partition which could have been used for scratchpad"]
[1192467][1743436142842][main][info]["partitionMigrationService~init: Success"]
[1192467][1743436142843][main][info]["partitionMigrationService~runV8PartitionsIntegrity: Two way migration~ removing the following partitions from v8",[]]
[1192467][1743436142843][main][info]["userPartitionService~getRecentV8UserPartition: recent v8 user context partition ","119824ed-9bb7-4612-a726-81eb959e1d5a"]
[1192467][1743436142843][main][info]["userPartitionService~_rectifyTheActivePartitionOfApplication: Setting the active partition to ","119824ed-9bb7-4612-a726-81eb959e1d5a"]
[1192467][1743436142845][main][info]["sendAnalytics: Error while sending request",{"name":"TypeError","message":"fetch failed","stack":"TypeError: fetch failed\n    at node:internal/deps/undici/undici:12502:13\n    at process.processTicksAndRejections (node:internal/process/task_queues:95:5)"}]
[1192467][1743436142847][main][info]["LinuxAutoUpdater~Cleanup - Initial cleanup successful"]
[1192467][1743436142849][main][info]["newAccountRegionPreferenceService~getPreferenceWithFallback - Preference not found in storage."]
[1192467][1743436142849][main][info]["newAccountRegionPreferenceService~getToggleMenuTemplate - Using preference:","useUSRegion"]
[1192467][1743436142857][main][info]["userPartitionService~init: Success"]
[1192467][1743436142861][main][info]["sendAnalytics: Error while sending request",{"name":"TypeError","message":"fetch failed","stack":"TypeError: fetch failed\n    at node:internal/deps/undici/undici:12502:13\n    at process.processTicksAndRejections (node:internal/process/task_queues:95:5)"}]
[1192467][1743436142872][main][info]["userPartitionService: State of v8 partition system:"]
[1192467][1743436142872][main][info]["shell~init~getPartitionToLoad: loading active partition"]
[1192467][1743436142872][main][info]["userPartitionService: List of partitions:",[{"partitionId":"119824ed-9bb7-4612-a726-81eb959e1d5a","namespace":"users","userId":"43049709","teamId":"0","lastUpdated":"2025-03-27T03:11:27.336Z"},{"partitionId":"57a66377-0f71-4256-b0e5-f80eac373dda","namespace":"scratchPad","userId":0,"teamId":0,"isDirty":false}]]
[1192467][1743436142873][main][info]["userPartitionService: users global meta:",{}]
[1192467][1743436142873][main][info]["Main:windowManager~newRequesterWindow: Fetch and update runtime config: us"]
[1192467][1743436142971][main][info]["getDesktopReleaseVersionAsQueryParams: webVersion: "]
[1192467][1743436144283][main][info]["Main~getRemoteInitPath:: "]
[1192467][1743436144375][main][info]["UpdateHandler~app-update-events - Received event",{"name":"checkForElectronVersionUpdated","namespace":"appUpdate"}]
[1192467][1743436144383][main][info]["INTERCEPTOR CONNECTIVITY: Connecting to Interceptor Bridge"]
[1192467][1743436144411][main][info]["windowManager: First requester booted successfully."]
[1192467][1743436144412][main][info]["windowManager~restoreWindows: Restoring requester windows"]
[1192467][1743436144413][main][info]["WebVersionService: Initialized successfully with version: 11.37.4-ui-250319-2337"]
[1192467][1743436144414][main][info]["Main~AppEvents - Received booted event for process requester.Version 11.37.4 UI Version: 11.37.4-ui-250319-2337 Desktop Platform Version: 11.37.1"]
[1192467][1743436144528][main][info]["Main~getRemoteInitPath:: "]
[1192467][1743436144803][main][info]["Main~getPlatformLaunchPerfMetrics"]
[1192467][1743436144943][main][info]["INTERCEPTOR CONNECTIVITY: Attempting to start websocket server on port 15611"]
[1192467][1743436145183][main][info]["WindowManager~closeHandler - Closed Window (id: 1 )"]
[1192467][1743436145363][main][info]["Main - model-events~user - (user, bootstrapUser) received"]
[1192467][1743436145364][main][info]["model-events~user - bootstrapUser received"]
[1192467][1743436145393][main][info]["Quitting app"]
[2309454][1743518774186][main][info]["Booting Postman 11.37.1, linux-6.13.8-arch1-1 on x64"]
[2309454][1743518774191][main][info]["EventBus~initialize - Success"]
[2309454][1743518774196][main][info]["Proxy configuration has not been setup"]
[2309454][1743518774196][main][info]["CloudProxyManager~init - Success"]
[2309454][1743518774271][main][info]["performShellDataMigration: Migration has already been done. Bailing out"]
[2309454][1743518774284][main][info]["UpdateHandler~init - Success"]
[2309454][1743518774287][main][info]["LeaderSelection: Initialized successfully"]
[2309454][1743518775876][main][info]["GPU detected VID 4318 DID 9632 ACTIVE true"]
[2309454][1743518775877][main][info]["GPU detected VID 32902 DID 18083 ACTIVE false"]
[2309454][1743518775878][main][info]["shellController~init: Success"]
[2309454][1743518775879][main][info]["shellMeta~init: Success"]
[2309454][1743518775879][main][info]["partitionMigrationService: State of V7 partition:"]
[2309454][1743518775879][main][info]["partitionMigrationService: V7 partitions",[]]
[2309454][1743518775879][main][info]["partitionMigrationService~rectifyNamespaceOfScratchPadPartition: There is no partition with scratchpad namespace"]
[2309454][1743518775879][main][info]["partitionMigrationService~rectifyNamespaceOfScratchPadPartition: There is no transit partition which could have been used for scratchpad"]
[2309454][1743518775879][main][info]["partitionMigrationService~init: Success"]
[2309454][1743518775880][main][info]["partitionMigrationService~runV8PartitionsIntegrity: Two way migration~ removing the following partitions from v8",[]]
[2309454][1743518775881][main][info]["userPartitionService~getRecentV8UserPartition: recent v8 user context partition ","119824ed-9bb7-4612-a726-81eb959e1d5a"]
[2309454][1743518775881][main][info]["userPartitionService~_rectifyTheActivePartitionOfApplication: Setting the active partition to ","119824ed-9bb7-4612-a726-81eb959e1d5a"]
[2309454][1743518775887][main][info]["LinuxAutoUpdater~Cleanup - Initial cleanup successful"]
[2309454][1743518775890][main][info]["newAccountRegionPreferenceService~getPreferenceWithFallback - Preference not found in storage."]
[2309454][1743518775890][main][info]["newAccountRegionPreferenceService~getToggleMenuTemplate - Using preference:","useUSRegion"]
[2309454][1743518775908][main][info]["userPartitionService~init: Success"]
[2309454][1743518775935][main][info]["userPartitionService: State of v8 partition system:"]
[2309454][1743518775936][main][info]["shell~init~getPartitionToLoad: loading active partition"]
[2309454][1743518775936][main][info]["userPartitionService: List of partitions:",[{"partitionId":"119824ed-9bb7-4612-a726-81eb959e1d5a","namespace":"users","userId":"43049709","teamId":"0","lastUpdated":"2025-03-27T03:11:27.336Z"},{"partitionId":"57a66377-0f71-4256-b0e5-f80eac373dda","namespace":"scratchPad","userId":0,"teamId":0,"isDirty":false}]]
[2309454][1743518775936][main][info]["userPartitionService: users global meta:",{}]
[2309454][1743518775937][main][info]["Main:windowManager~newRequesterWindow: Fetch and update runtime config: us"]
[2309454][1743518776056][main][info]["getDesktopReleaseVersionAsQueryParams: webVersion: "]
[2309454][1743518777722][main][info]["Main~getRemoteInitPath:: "]
[2309454][1743518777801][main][info]["UpdateHandler~app-update-events - Received event",{"name":"checkForElectronVersionUpdated","namespace":"appUpdate"}]
[2309454][1743518777805][main][info]["INTERCEPTOR CONNECTIVITY: Connecting to Interceptor Bridge"]
[2309454][1743518777821][main][info]["windowManager: First requester booted successfully."]
[2309454][1743518777821][main][info]["windowManager~restoreWindows: Restoring requester windows"]
[2309454][1743518777821][main][info]["WebVersionService: Initialized successfully with version: 11.37.4-ui-250319-2337"]
[2309454][1743518777822][main][info]["Main~AppEvents - Received booted event for process requester.Version 11.37.4 UI Version: 11.37.4-ui-250319-2337 Desktop Platform Version: 11.37.1"]
[2309454][1743518777914][main][info]["Main~getRemoteInitPath:: "]
[2309454][1743518778525][main][info]["INTERCEPTOR CONNECTIVITY: Attempting to start websocket server on port 15611"]
[2309454][1743518781937][main][info]["RuntimeIPCAgent~started: Success"]
[2309454][1743518782204][main][info]["Main~getPlatformLaunchPerfMetrics"]
[2309454][1743518782214][main][info]["Main - model-events~user - (user, bootstrapUser) received"]
[2309454][1743518782215][main][info]["model-events~user - bootstrapUser received"]
[2309454][1743518799668][main][info]["UpdateHandler~app-update-events - Received event",{"name":"updateElectron","namespace":"appUpdate","data":{"channel":"stable","version":"11.37.1","downloadVersion":"11.39.2","appId":"6568256b-4d72-4a25-a084-6f826f798bda","userAgent":"Mozilla/5.0 (X11; Linux x86_64) AppleWebKit/537.36 (KHTML, like Gecko) Postman/11.37.1 Electron/31.3.1 Safari/537.36","platform":"LINUX","arch":"64","downloadURL":"https://dl.pstmn.io/download/version/11.39.2/linux_64","updateServerDomain":"https://dl.pstmn.io/","additionalParamsString":"installationId=6568256b-4d72-4a25-a084-6f826f798bda&userId=43049709&syncEnabled=true&teamPlan=&teamId=0","userId":"43049709"}}]
[2309454][1743518799669][main][info]["LinuxUpdater~downloadUpdate - UpdateInfo received",{"channel":"stable","version":"11.37.1","downloadVersion":"11.39.2","appId":"6568256b-4d72-4a25-a084-6f826f798bda","userAgent":"Mozilla/5.0 (X11; Linux x86_64) AppleWebKit/537.36 (KHTML, like Gecko) Postman/11.37.1 Electron/31.3.1 Safari/537.36","platform":"LINUX","arch":"64","downloadURL":"https://dl.pstmn.io/download/version/11.39.2/linux_64","updateServerDomain":"https://dl.pstmn.io/","additionalParamsString":"installationId=6568256b-4d72-4a25-a084-6f826f798bda&userId=43049709&syncEnabled=true&teamPlan=&teamId=0","userId":"43049709"}]
[2309454][1743518815323][main][error]["@postman/app-updater: error",{"errno":-13,"code":"EACCES","syscall":"open","path":"/opt/postman/Postman-1743518799669.tar.gz","name":"Error","message":"EACCES: permission denied, open '/opt/postman/Postman-1743518799669.tar.gz'","stack":"Error: EACCES: permission denied, open '/opt/postman/Postman-1743518799669.tar.gz'"},{"context":{"api":"@postman/app-updater","domain":"starship"},"info":"{\"packageName\":\"Postman\",\"eID\":\"Postman-1743518799669\",\"downloadURL\":\"https://dl.pstmn.io/download/version/11.39.2/linux_64\",\"downloadDirectory\":\"/opt/postman\",\"downloadInfo\":{\"status\":\"DOWNLOAD_ERROR\",\"error\":{\"errno\":-13,\"code\":\"EACCES\",\"syscall\":\"open\",\"path\":\"/opt/postman/Postman-1743518799669.tar.gz\"},\"downloadDirectory\":\"/opt/postman\"}}"}]
[2309454][1743518815326][main][info]["UpdateHandler~app-update-events - Received event",{"name":"electronAppUpdateError","namespace":"appUpdate","data":{"error":{"errno":-13,"code":"EACCES","syscall":"open","path":"/opt/postman/Postman-1743518799669.tar.gz","name":"Error","message":"EACCES: permission denied, open '/opt/postman/Postman-1743518799669.tar.gz'","stack":"Error: EACCES: permission denied, open '/opt/postman/Postman-1743518799669.tar.gz'"},"updateData":{"packageName":"Postman","eID":"Postman-1743518799669","downloadURL":"https://dl.pstmn.io/download/version/11.39.2/linux_64","downloadDirectory":"/opt/postman","downloadInfo":{"status":"DOWNLOAD_ERROR","error":{"errno":-13,"code":"EACCES","syscall":"open","path":"/opt/postman/Postman-1743518799669.tar.gz"},"downloadDirectory":"/opt/postman"}}}}]
[2309454][1743525794243][main][info]["WindowManager~closeHandler - Closed Window (id: 1 )"]
[2309454][1743525794281][main][info]["Quitting app"]
